<?xml version="1.0" encoding="UTF-8"?>
<!-- Generated by org.testng.reporters.JUnitXMLReporter -->
<testsuite hostname="Adels-MacBook-Pro.local" ignored="0" name="Default test" tests="3" failures="0" timestamp="30 Aug 2020 13:43:45 GMT" time="18.966" errors="0">
  <testcase name="testusingNormalparsing" time="1.735" classname="RestAssuredTCs.CheckXML"/>
  <testcase name="testusingXmlPathMethod" time="0.259" classname="RestAssuredTCs.CheckXML"/>
  <testcase name="bearerToken" time="16.938" classname="RestAssuredTCs.CheckXML"/>
</testsuite> <!-- Default test -->
