<?xml version="1.0" encoding="UTF-8"?>
<testng-results skipped="0" failed="0" ignored="0" total="3" passed="3">
  <reporter-output>
  </reporter-output>
  <suite name="Default suite" duration-ms="18966" started-at="2020-08-30T13:43:26Z" finished-at="2020-08-30T13:43:45Z">
    <groups>
    </groups>
    <test name="Default test" duration-ms="18966" started-at="2020-08-30T13:43:26Z" finished-at="2020-08-30T13:43:45Z">
      <class name="RestAssuredTCs.CheckXML">
        <test-method status="PASS" signature="testusingNormalparsing()[pri:1, instance:RestAssuredTCs.CheckXML@4e0ae11f]" name="testusingNormalparsing" duration-ms="1735" started-at="2020-08-30T13:43:26Z" finished-at="2020-08-30T13:43:28Z">
          <reporter-output>
          </reporter-output>
        </test-method> <!-- testusingNormalparsing -->
        <test-method status="PASS" signature="testusingXmlPathMethod()[pri:2, instance:RestAssuredTCs.CheckXML@4e0ae11f]" name="testusingXmlPathMethod" duration-ms="259" started-at="2020-08-30T13:43:28Z" finished-at="2020-08-30T13:43:28Z">
          <reporter-output>
          </reporter-output>
        </test-method> <!-- testusingXmlPathMethod -->
        <test-method status="PASS" signature="bearerToken()[pri:3, instance:RestAssuredTCs.CheckXML@4e0ae11f]" name="bearerToken" duration-ms="16938" started-at="2020-08-30T13:43:28Z" finished-at="2020-08-30T13:43:45Z">
          <reporter-output>
          </reporter-output>
        </test-method> <!-- bearerToken -->
      </class> <!-- RestAssuredTCs.CheckXML -->
    </test> <!-- Default test -->
  </suite> <!-- Default suite -->
</testng-results>
